<?xml version="1.0" encoding="UTF-8" ?>
<testsuite failures="0" time="0.048" errors="0" skipped="0" tests="16" name="StringCalculatorTest">
  <properties>
[...]
</properties>
  <testcase time="0.007" classname="StringCalculatorTest" name="shouldReturnZeroOnEmptyString"/>
  <testcase time="0.002" classname="StringCalculatorTest" name="shouldReturnSumOfOneParameter"/>
  <testcase time="0" classname="StringCalculatorTest" name="shouldReturnSumOfTwoParameters"/>
  <testcase time="0.001" classname="StringCalculatorTest" name="shouldReturnSumOfThreeParameters"/>
  <testcase time="0" classname="StringCalculatorTest" name="shouldReturnSumOfMultipleParameters"/>
  <testcase time="0" classname="StringCalculatorTest" name="shouldSupportNewLinesAndOfCommas"/>
  <testcase time="0.001" classname="StringCalculatorTest" name="shouldSupportCustomDelimiters"/>
  <testcase time="0" classname="StringCalculatorTest" name="shouldThrowExceptionIfOneNegativeNumbersArePassed"/>
  <testcase time="0" classname="StringCalculatorTest" name="shouldThrowExceptionIfMultipleNegativeNumbersArePassed"/>
  <testcase time="0" classname="StringCalculatorTest" name="shouldIgnoreNumbersBiggerThanThousand"/>
  <testcase time="0" classname="StringCalculatorTest" name="shouldSupportCustomDelimitersOfAnyLength"/>
  <testcase time="0.001" classname="StringCalculatorTest" name="shouldEscapeRegexMetaCharDelimiters"/>
  <testcase time="0" classname="StringCalculatorTest" name="shouldSupportMultipleCustomDelimitersOfAnyLength"/>
  <testcase time="0" classname="StringCalculatorTest" name="shouldSupportMultipleSameCustomDelimitersOfAnyLength"/>
  <testcase time="0.001" classname="StringCalculatorTest" name="shouldBeAbleToSetSingleDelimiterByMethod"/>
  <testcase time="0.001" classname="StringCalculatorTest" name="shouldBeAbleToSetMultipleDelimitersByMethod"/>
</testsuite>